# JRE version: OpenJDK Runtime Environment (8.0_152-b01) (build 1.8.0_152-release-915-b01)
# Java VM: OpenJDK 64-Bit Server VM (25.152-b01 mixed mode windows-amd64 compressed oops)
Heap:
 PSYoungGen      total 268288K, used 217322K [0x00000000e0000000, 0x00000000f4380000, 0x0000000100000000)
  eden space 216576K, 84% used [0x00000000e0000000,0x00000000eb1f7910,0x00000000ed380000)
  from space 51712K, 67% used [0x00000000f0800000,0x00000000f2a431c8,0x00000000f3a80000)
  to   space 53760K, 0% used [0x00000000ed380000,0x00000000ed380000,0x00000000f0800000)
 ParOldGen       total 84992K, used 51767K [0x00000000a0000000, 0x00000000a5300000, 0x00000000e0000000)
  object space 84992K, 60% used [0x00000000a0000000,0x00000000a328dec8,0x00000000a5300000)
 Metaspace       used 82835K, capacity 87948K, committed 88024K, reserved 1126400K
  class space    used 10681K, capacity 12030K, committed 12032K, reserved 1048576K
GC Heap History (10 events):
Event: 685.949 GC heap before
{Heap before GC invocations=25 (full 3):
 PSYoungGen      total 222208K, used 220068K [0x00000000e0000000, 0x00000000f1d00000, 0x0000000100000000)
  eden space 190976K, 100% used [0x00000000e0000000,0x00000000eba80000,0x00000000eba80000)
  from space 31232K, 93% used [0x00000000eba80000,0x00000000ed6e9268,0x00000000ed900000)
  to   space 35328K, 0% used [0x00000000efa80000,0x00000000efa80000,0x00000000f1d00000)
 ParOldGen       total 84992K, used 41167K [0x00000000a0000000, 0x00000000a5300000, 0x00000000e0000000)
  object space 84992K, 48% used [0x00000000a0000000,0x00000000a2833ef8,0x00000000a5300000)
 Metaspace       used 72536K, capacity 76088K, committed 76376K, reserved 1116160K
  class space    used 9418K, capacity 10258K, committed 10368K, reserved 1048576K
Event: 685.994 GC heap after
Heap after GC invocations=25 (full 3):
 PSYoungGen      total 252928K, used 27543K [0x00000000e0000000, 0x00000000f1f80000, 0x0000000100000000)
  eden space 217600K, 0% used [0x00000000e0000000,0x00000000e0000000,0x00000000ed480000)
  from space 35328K, 77% used [0x00000000efa80000,0x00000000f1565ff8,0x00000000f1d00000)
  to   space 38400K, 0% used [0x00000000ed480000,0x00000000ed480000,0x00000000efa00000)
 ParOldGen       total 84992K, used 41175K [0x00000000a0000000, 0x00000000a5300000, 0x00000000e0000000)
  object space 84992K, 48% used [0x00000000a0000000,0x00000000a2835ef8,0x00000000a5300000)
 Metaspace       used 72536K, capacity 76088K, committed 76376K, reserved 1116160K
  class space    used 9418K, capacity 10258K, committed 10368K, reserved 1048576K
}
Event: 1047.555 GC heap before
{Heap before GC invocations=26 (full 3):
 PSYoungGen      total 252928K, used 245143K [0x00000000e0000000, 0x00000000f1f80000, 0x0000000100000000)
  eden space 217600K, 100% used [0x00000000e0000000,0x00000000ed480000,0x00000000ed480000)
  from space 35328K, 77% used [0x00000000efa80000,0x00000000f1565ff8,0x00000000f1d00000)
  to   space 38400K, 0% used [0x00000000ed480000,0x00000000ed480000,0x00000000efa00000)
 ParOldGen       total 84992K, used 41175K [0x00000000a0000000, 0x00000000a5300000, 0x00000000e0000000)
  object space 84992K, 48% used [0x00000000a0000000,0x00000000a2835ef8,0x00000000a5300000)
 Metaspace       used 73334K, capacity 76976K, committed 77144K, reserved 1116160K
  class space    used 9485K, capacity 10358K, committed 10368K, reserved 1048576K
Event: 1047.773 GC heap after
Heap after GC invocations=26 (full 3):
 PSYoungGen      total 256000K, used 38399K [0x00000000e0000000, 0x00000000f1f80000, 0x0000000100000000)
  eden space 217600K, 0% used [0x00000000e0000000,0x00000000e0000000,0x00000000ed480000)
  from space 38400K, 99% used [0x00000000ed480000,0x00000000ef9fff28,0x00000000efa00000)
  to   space 35328K, 0% used [0x00000000efa80000,0x00000000efa80000,0x00000000f1d00000)
 ParOldGen       total 84992K, used 51743K [0x00000000a0000000, 0x00000000a5300000, 0x00000000e0000000)
  object space 84992K, 60% used [0x00000000a0000000,0x00000000a3287ec8,0x00000000a5300000)
 Metaspace       used 73334K, capacity 76976K, committed 77144K, reserved 1116160K
  class space    used 9485K, capacity 10358K, committed 10368K, reserved 1048576K
}
Event: 1211.488 GC heap before
{Heap before GC invocations=27 (full 3):
 PSYoungGen      total 256000K, used 255999K [0x00000000e0000000, 0x00000000f1f80000, 0x0000000100000000)
  eden space 217600K, 100% used [0x00000000e0000000,0x00000000ed480000,0x00000000ed480000)
  from space 38400K, 99% used [0x00000000ed480000,0x00000000ef9fff28,0x00000000efa00000)
  to   space 35328K, 0% used [0x00000000efa80000,0x00000000efa80000,0x00000000f1d00000)
 ParOldGen       total 84992K, used 51743K [0x00000000a0000000, 0x00000000a5300000, 0x00000000e0000000)
  object space 84992K, 60% used [0x00000000a0000000,0x00000000a3287ec8,0x00000000a5300000)
 Metaspace       used 75888K, capacity 80554K, committed 80728K, reserved 1118208K
  class space    used 9903K, capacity 11083K, committed 11136K, reserved 1048576K
Event: 1211.540 GC heap after
Heap after GC invocations=27 (full 3):
 PSYoungGen      total 241152K, used 32292K [0x00000000e0000000, 0x00000000f4c00000, 0x0000000100000000)
  eden space 205824K, 0% used [0x00000000e0000000,0x00000000e0000000,0x00000000ec900000)
  from space 35328K, 91% used [0x00000000efa80000,0x00000000f1a091d8,0x00000000f1d00000)
  to   space 50688K, 0% used [0x00000000ec900000,0x00000000ec900000,0x00000000efa80000)
 ParOldGen       total 84992K, used 51751K [0x00000000a0000000, 0x00000000a5300000, 0x00000000e0000000)
  object space 84992K, 60% used [0x00000000a0000000,0x00000000a3289ec8,0x00000000a5300000)
 Metaspace       used 75888K, capacity 80554K, committed 80728K, reserved 1118208K
  class space    used 9903K, capacity 11083K, committed 11136K, reserved 1048576K
}
Event: 1250.811 GC heap before
{Heap before GC invocations=28 (full 3):
 PSYoungGen      total 241152K, used 238116K [0x00000000e0000000, 0x00000000f4c00000, 0x0000000100000000)
  eden space 205824K, 100% used [0x00000000e0000000,0x00000000ec900000,0x00000000ec900000)
  from space 35328K, 91% used [0x00000000efa80000,0x00000000f1a091d8,0x00000000f1d00000)
  to   space 50688K, 0% used [0x00000000ec900000,0x00000000ec900000,0x00000000efa80000)
 ParOldGen       total 84992K, used 51751K [0x00000000a0000000, 0x00000000a5300000, 0x00000000e0000000)
  object space 84992K, 60% used [0x00000000a0000000,0x00000000a3289ec8,0x00000000a5300000)
 Metaspace       used 76616K, capacity 81686K, committed 82008K, reserved 1120256K
  class space    used 9992K, capacity 11267K, committed 11392K, reserved 1048576K
Event: 1250.869 GC heap after
Heap after GC invocations=28 (full 3):
 PSYoungGen      total 256512K, used 31732K [0x00000000e0000000, 0x00000000f3a80000, 0x0000000100000000)
  eden space 205824K, 0% used [0x00000000e0000000,0x00000000e0000000,0x00000000ec900000)
  from space 50688K, 62% used [0x00000000ec900000,0x00000000ee7fd1c0,0x00000000efa80000)
  to   space 51712K, 0% used [0x00000000f0800000,0x00000000f0800000,0x00000000f3a80000)
 ParOldGen       total 84992K, used 51759K [0x00000000a0000000, 0x00000000a5300000, 0x00000000e0000000)
  object space 84992K, 60% used [0x00000000a0000000,0x00000000a328bec8,0x00000000a5300000)
 Metaspace       used 76616K, capacity 81686K, committed 82008K, reserved 1120256K
  class space    used 9992K, capacity 11267K, committed 11392K, reserved 1048576K
}
Event: 1264.051 GC heap before
{Heap before GC invocations=29 (full 3):
 PSYoungGen      total 256512K, used 237556K [0x00000000e0000000, 0x00000000f3a80000, 0x0000000100000000)
  eden space 205824K, 100% used [0x00000000e0000000,0x00000000ec900000,0x00000000ec900000)
  from space 50688K, 62% used [0x00000000ec900000,0x00000000ee7fd1c0,0x00000000efa80000)
  to   space 51712K, 0% used [0x00000000f0800000,0x00000000f0800000,0x00000000f3a80000)
 ParOldGen       total 84992K, used 51759K [0x00000000a0000000, 0x00000000a5300000, 0x00000000e0000000)
  object space 84992K, 60% used [0x00000000a0000000,0x00000000a328bec8,0x00000000a5300000)
 Metaspace       used 77106K, capacity 82290K, committed 82520K, reserved 1120256K
  class space    used 10054K, capacity 11385K, committed 11392K, reserved 1048576K
Event: 1264.202 GC heap after
Heap after GC invocations=29 (full 3):
 PSYoungGen      total 268288K, used 35084K [0x00000000e0000000, 0x00000000f4380000, 0x0000000100000000)
  eden space 216576K, 0% used [0x00000000e0000000,0x00000000e0000000,0x00000000ed380000)
  from space 51712K, 67% used [0x00000000f0800000,0x00000000f2a431c8,0x00000000f3a80000)
  to   space 53760K, 0% used [0x00000000ed380000,0x00000000ed380000,0x00000000f0800000)
 ParOldGen       total 84992K, used 51767K [0x00000000a0000000, 0x00000000a5300000, 0x00000000e0000000)
  object space 84992K, 60% used [0x00000000a0000000,0x00000000a328dec8,0x00000000a5300000)
 Metaspace       used 77106K, capacity 82290K, committed 82520K, reserved 1120256K
  class space    used 10054K, capacity 11385K, committed 11392K, reserved 1048576K
}

